Not searching for unused variables given on the command line.
[36m--[0m The C compiler identification is GNU 7.5.0
[36m--[0m The CXX compiler identification is GNU 7.5.0
[36m--[0m Check for working C compiler: /usr/bin/cc
[36m--[0m Check for working C compiler: /usr/bin/cc -- works
[36m--[0m Detecting C compiler ABI info
[36m--[0m Detecting C compiler ABI info - done
[36m--[0m Detecting C compile features
[36m--[0m Detecting C compile features - done
[36m--[0m Check for working CXX compiler: /usr/bin/c++
[36m--[0m Check for working CXX compiler: /usr/bin/c++ -- works
[36m--[0m Detecting CXX compiler ABI info
[36m--[0m Detecting CXX compiler ABI info - done
[36m--[0m Detecting CXX compile features
[36m--[0m Detecting CXX compile features - done
[36m--[0m Using CATKIN_DEVEL_PREFIX: /home/zk/ZK/urban_ws/gps_sub/devel/.private/gps_demo
[36m--[0m Using CMAKE_PREFIX_PATH: /home/zk/ZK/urban_ws/gps_sub/install;/home/zk/ZK/Test/gym-gazebo/gym_gazebo/envs/installation/catkin_ws/devel;/opt/ros/melodic;/home/zk/ZK/urban_ws/gps_sub/devel
[36m--[0m This workspace overlays: /home/zk/ZK/urban_ws/gps_sub/install;/home/zk/ZK/Test/gym-gazebo/gym_gazebo/envs/installation/catkin_ws/devel;/opt/ros/melodic
[36m--[0m Found PythonInterp: /usr/bin/python2 (found suitable version "2.7.17", minimum required is "2")
[36m--[0m Using PYTHON_EXECUTABLE: /usr/bin/python2
[36m--[0m Using Debian Python package layout
[36m--[0m Using empy: /usr/bin/empy
[36m--[0m Using CATKIN_ENABLE_TESTING: ON
[36m--[0m Call enable_testing()
[36m--[0m Using CATKIN_TEST_RESULTS_DIR: /home/zk/ZK/urban_ws/gps_sub/build/gps_demo/test_results
[36m--[0m Found gtest sources under '/usr/src/googletest': gtests will be built
[36m--[0m Found gmock sources under '/usr/src/googletest': gmock will be built
[36m--[0m Found PythonInterp: /usr/bin/python2 (found version "2.7.17")
[36m--[0m Looking for pthread.h
[36m--[0m Looking for pthread.h - found
[36m--[0m Looking for pthread_create
[36m--[0m Looking for pthread_create - not found
[36m--[0m Looking for pthread_create in pthreads
[36m--[0m Looking for pthread_create in pthreads - not found
[36m--[0m Looking for pthread_create in pthread
[36m--[0m Looking for pthread_create in pthread - found
[36m--[0m Found Threads: TRUE
[36m--[0m Using Python nosetests: /usr/bin/nosetests-2.7
[36m--[0m catkin 0.7.29
[36m--[0m BUILD_SHARED_LIBS is on
[36m--[0m Using these message generators: gencpp;geneus;genlisp;gennodejs;genpy
[36m--[0m Reading /usr/local/lib/cmake/GeographicLib/geographiclib-config.cmake
[36m--[0m GeographicLib configuration, version 1.51
[36m--[0m   ${{GeographicLib_LIBRARIES}} set to shared library
[36m--[0m Found PkgConfig: /usr/bin/pkg-config (found version "0.29.1")
[36m--[0m Checking for module 'yaml-cpp'
[36m--[0m   Found yaml-cpp, version 0.5.2
[36m--[0m Found Glog: /usr/local/include
[36m--[0m Found glog    (include: /usr/local/include, library: /usr/local/lib/libglog.so)
[36m--[0m Configuring done
[36m--[0m Generating done
[36m--[0m Build files have been written to: /home/zk/ZK/urban_ws/gps_sub/build/gps_demo
